=[10:49:55,471 WARN  TemplateMode]: [THYMELEAF][main] Template Mode 'HTML5' is deprecated. Using Template Mode 'HTML' instead.
=[10:50:18,833 WARN  TemplateMode]: [THYMELEAF][main] Template Mode 'HTML5' is deprecated. Using Template Mode 'HTML' instead.
=[10:58:49,882 WARN  TemplateMode]: [THYMELEAF][main] Template Mode 'HTML5' is deprecated. Using Template Mode 'HTML' instead.
=[11:48:11,154 WARN  TemplateMode]: [THYMELEAF][main] Template Mode 'HTML5' is deprecated. Using Template Mode 'HTML' instead.
=[11:48:20,213 WARN  TemplateMode]: [THYMELEAF][main] Template Mode 'HTML5' is deprecated. Using Template Mode 'HTML' instead.
=[11:48:27,909 WARN  TemplateMode]: [THYMELEAF][main] Template Mode 'HTML5' is deprecated. Using Template Mode 'HTML' instead.
=[11:48:37,119 WARN  TemplateMode]: [THYMELEAF][main] Template Mode 'HTML5' is deprecated. Using Template Mode 'HTML' instead.
=[11:48:44,285 WARN  TemplateMode]: [THYMELEAF][main] Template Mode 'HTML5' is deprecated. Using Template Mode 'HTML' instead.
=[14:04:52,275 WARN  TemplateMode]: [THYMELEAF][main] Template Mode 'HTML5' is deprecated. Using Template Mode 'HTML' instead.
=[14:18:03,255 WARN  TemplateMode]: [THYMELEAF][main] Template Mode 'HTML5' is deprecated. Using Template Mode 'HTML' instead.
=[14:19:50,228 WARN  TemplateMode]: [THYMELEAF][Console scanner] Template Mode 'HTML5' is deprecated. Using Template Mode 'HTML' instead.
=[08:16:14,437 WARN  TemplateMode]: [THYMELEAF][main] Template Mode 'HTML5' is deprecated. Using Template Mode 'HTML' instead.
=[08:23:43,974 WARN  TemplateMode]: [THYMELEAF][main] Template Mode 'HTML5' is deprecated. Using Template Mode 'HTML' instead.
=[08:24:07,134 WARN  TemplateMode]: [THYMELEAF][main] Template Mode 'HTML5' is deprecated. Using Template Mode 'HTML' instead.
=[08:25:22,954 WARN  TemplateMode]: [THYMELEAF][main] Template Mode 'HTML5' is deprecated. Using Template Mode 'HTML' instead.
=[08:31:30,271 WARN  TemplateMode]: [THYMELEAF][main] Template Mode 'HTML5' is deprecated. Using Template Mode 'HTML' instead.
=[08:37:03,975 WARN  TemplateMode]: [THYMELEAF][main] Template Mode 'HTML5' is deprecated. Using Template Mode 'HTML' instead.
=[08:42:29,308 WARN  TemplateMode]: [THYMELEAF][main] Template Mode 'HTML5' is deprecated. Using Template Mode 'HTML' instead.
=[08:44:37,543 WARN  TemplateMode]: [THYMELEAF][main] Template Mode 'HTML5' is deprecated. Using Template Mode 'HTML' instead.
=[10:25:49,679 WARN  TemplateMode]: [THYMELEAF][main] Template Mode 'HTML5' is deprecated. Using Template Mode 'HTML' instead.
=[10:37:20,303 WARN  TemplateMode]: [THYMELEAF][main] Template Mode 'HTML5' is deprecated. Using Template Mode 'HTML' instead.
=[10:38:39,125 WARN  TemplateMode]: [THYMELEAF][main] Template Mode 'HTML5' is deprecated. Using Template Mode 'HTML' instead.
=[10:41:35,366 WARN  TemplateMode]: [THYMELEAF][main] Template Mode 'HTML5' is deprecated. Using Template Mode 'HTML' instead.
=[10:42:05,154 WARN  TemplateMode]: [THYMELEAF][main] Template Mode 'HTML5' is deprecated. Using Template Mode 'HTML' instead.
=[15:37:51,252 WARN  TemplateMode]: [THYMELEAF][main] Template Mode 'HTML5' is deprecated. Using Template Mode 'HTML' instead.
=[15:48:07,217 WARN  TemplateMode]: [THYMELEAF][main] Template Mode 'HTML5' is deprecated. Using Template Mode 'HTML' instead.
=[15:48:48,484 WARN  TemplateMode]: [THYMELEAF][main] Template Mode 'HTML5' is deprecated. Using Template Mode 'HTML' instead.
=[15:49:10,724 WARN  TemplateMode]: [THYMELEAF][main] Template Mode 'HTML5' is deprecated. Using Template Mode 'HTML' instead.
=[15:52:50,805 WARN  TemplateMode]: [THYMELEAF][main] Template Mode 'HTML5' is deprecated. Using Template Mode 'HTML' instead.
=[15:53:34,101 WARN  TemplateMode]: [THYMELEAF][main] Template Mode 'HTML5' is deprecated. Using Template Mode 'HTML' instead.
=[15:55:36,524 WARN  TemplateMode]: [THYMELEAF][main] Template Mode 'HTML5' is deprecated. Using Template Mode 'HTML' instead.
=[16:12:34,336 WARN  TemplateMode]: [THYMELEAF][main] Template Mode 'HTML5' is deprecated. Using Template Mode 'HTML' instead.
=[16:13:42,162 WARN  TemplateMode]: [THYMELEAF][main] Template Mode 'HTML5' is deprecated. Using Template Mode 'HTML' instead.
=[16:15:05,555 WARN  TemplateMode]: [THYMELEAF][main] Template Mode 'HTML5' is deprecated. Using Template Mode 'HTML' instead.
=[16:15:51,184 WARN  TemplateMode]: [THYMELEAF][main] Template Mode 'HTML5' is deprecated. Using Template Mode 'HTML' instead.
=[16:21:28,925 WARN  TemplateMode]: [THYMELEAF][main] Template Mode 'HTML5' is deprecated. Using Template Mode 'HTML' instead.
=[16:28:40,012 WARN  TemplateMode]: [THYMELEAF][main] Template Mode 'HTML5' is deprecated. Using Template Mode 'HTML' instead.
=[16:34:15,504 WARN  TemplateMode]: [THYMELEAF][main] Template Mode 'HTML5' is deprecated. Using Template Mode 'HTML' instead.
=[16:47:08,512 WARN  TemplateMode]: [THYMELEAF][main] Template Mode 'HTML5' is deprecated. Using Template Mode 'HTML' instead.
=[16:50:06,043 WARN  TemplateMode]: [THYMELEAF][main] Template Mode 'HTML5' is deprecated. Using Template Mode 'HTML' instead.
=[16:56:29,926 WARN  TemplateMode]: [THYMELEAF][main] Template Mode 'HTML5' is deprecated. Using Template Mode 'HTML' instead.
=[16:57:04,331 WARN  TemplateMode]: [THYMELEAF][main] Template Mode 'HTML5' is deprecated. Using Template Mode 'HTML' instead.
=[17:00:36,019 WARN  TemplateMode]: [THYMELEAF][main] Template Mode 'HTML5' is deprecated. Using Template Mode 'HTML' instead.
=[17:08:58,741 WARN  TemplateMode]: [THYMELEAF][main] Template Mode 'HTML5' is deprecated. Using Template Mode 'HTML' instead.
=[17:09:23,782 WARN  TemplateMode]: [THYMELEAF][main] Template Mode 'HTML5' is deprecated. Using Template Mode 'HTML' instead.
=[17:10:59,486 WARN  TemplateMode]: [THYMELEAF][main] Template Mode 'HTML5' is deprecated. Using Template Mode 'HTML' instead.
=[17:13:37,757 WARN  TemplateMode]: [THYMELEAF][main] Template Mode 'HTML5' is deprecated. Using Template Mode 'HTML' instead.
=[17:14:41,109 WARN  TemplateMode]: [THYMELEAF][main] Template Mode 'HTML5' is deprecated. Using Template Mode 'HTML' instead.
=[17:17:10,297 WARN  TemplateMode]: [THYMELEAF][main] Template Mode 'HTML5' is deprecated. Using Template Mode 'HTML' instead.
=[17:20:20,084 WARN  TemplateMode]: [THYMELEAF][main] Template Mode 'HTML5' is deprecated. Using Template Mode 'HTML' instead.
=[17:21:02,106 WARN  TemplateMode]: [THYMELEAF][main] Template Mode 'HTML5' is deprecated. Using Template Mode 'HTML' instead.
=[17:22:47,839 WARN  TemplateMode]: [THYMELEAF][main] Template Mode 'HTML5' is deprecated. Using Template Mode 'HTML' instead.
=[17:23:24,628 WARN  TemplateMode]: [THYMELEAF][main] Template Mode 'HTML5' is deprecated. Using Template Mode 'HTML' instead.
=[17:23:39,130 WARN  TemplateMode]: [THYMELEAF][main] Template Mode 'HTML5' is deprecated. Using Template Mode 'HTML' instead.
=[17:23:58,792 WARN  TemplateMode]: [THYMELEAF][main] Template Mode 'HTML5' is deprecated. Using Template Mode 'HTML' instead.
=[17:25:56,258 WARN  TemplateMode]: [THYMELEAF][main] Template Mode 'HTML5' is deprecated. Using Template Mode 'HTML' instead.
=[17:27:28,594 WARN  TemplateMode]: [THYMELEAF][main] Template Mode 'HTML5' is deprecated. Using Template Mode 'HTML' instead.
=[17:27:56,680 WARN  TemplateMode]: [THYMELEAF][main] Template Mode 'HTML5' is deprecated. Using Template Mode 'HTML' instead.
=[17:30:24,872 WARN  TemplateMode]: [THYMELEAF][main] Template Mode 'HTML5' is deprecated. Using Template Mode 'HTML' instead.
=[17:32:52,498 INFO  TestJobDetail]: timedJob() "job start at": Fri Jun 07 17:32:52 CST 2019
=[17:59:16,689 WARN  TemplateMode]: [THYMELEAF][main] Template Mode 'HTML5' is deprecated. Using Template Mode 'HTML' instead.
=[18:00:21,178 INFO  TestJobDetail]: timedJob() "job start at": Fri Jun 07 18:00:21 CST 2019
=[18:00:21,187 ERROR TaskUtils$LoggingErrorHandler]: Unexpected error occurred in scheduled task.
java.lang.RuntimeException: Cookie not Found in redis!
	at spring.douban.DouBanService.redisCookie2Map(DouBanService.java:203)
	at spring.douban.DouBanService.callComment(DouBanService.java:164)
	at spring.timedjob.TestJobDetail.timedJob2(TestJobDetail.java:66)
	at sun.reflect.NativeMethodAccessorImpl.invoke0(Native Method)
	at sun.reflect.NativeMethodAccessorImpl.invoke(NativeMethodAccessorImpl.java:62)
	at sun.reflect.DelegatingMethodAccessorImpl.invoke(DelegatingMethodAccessorImpl.java:43)
	at java.lang.reflect.Method.invoke(Method.java:498)
	at org.springframework.scheduling.support.ScheduledMethodRunnable.run(ScheduledMethodRunnable.java:84)
	at org.springframework.scheduling.support.DelegatingErrorHandlingRunnable.run(DelegatingErrorHandlingRunnable.java:54)
	at org.springframework.scheduling.concurrent.ReschedulingRunnable.run(ReschedulingRunnable.java:93)
	at java.util.concurrent.Executors$RunnableAdapter.call(Executors.java:511)
	at java.util.concurrent.FutureTask.run$$$capture(FutureTask.java:266)
	at java.util.concurrent.FutureTask.run(FutureTask.java)
	at java.util.concurrent.ScheduledThreadPoolExecutor$ScheduledFutureTask.access$201(ScheduledThreadPoolExecutor.java:180)
	at java.util.concurrent.ScheduledThreadPoolExecutor$ScheduledFutureTask.run(ScheduledThreadPoolExecutor.java:293)
	at java.util.concurrent.ThreadPoolExecutor.runWorker(ThreadPoolExecutor.java:1149)
	at java.util.concurrent.ThreadPoolExecutor$Worker.run(ThreadPoolExecutor.java:624)
	at java.lang.Thread.run(Thread.java:748)
=[18:01:48,176 WARN  TemplateMode]: [THYMELEAF][main] Template Mode 'HTML5' is deprecated. Using Template Mode 'HTML' instead.
=[18:54:10,493 WARN  TemplateMode]: [THYMELEAF][main] Template Mode 'HTML5' is deprecated. Using Template Mode 'HTML' instead.
